CRITICAL - 2022-08-29 19:09:22 --> Undefined index: d_isdokter
#0 C:\xampp74\htdocs\desasehat\app\Views\emr\epemeriksaan_dokter_view.php(261): CodeIgniter\Debug\Exceptions->errorHandler(8, 'Undefined index...', 'C:\\xampp74\\htdo...', 261, Array)
#1 C:\xampp74\htdocs\desasehat\vendor\codeigniter4\framework\system\View\View.php(210): include('C:\\xampp74\\htdo...')
#2 C:\xampp74\htdocs\desasehat\vendor\codeigniter4\framework\system\View\View.php(213): CodeIgniter\View\View->CodeIgniter\View\{closure}()
#3 C:\xampp74\htdocs\desasehat\vendor\codeigniter4\framework\system\Common.php(1089): CodeIgniter\View\View->render('emr/epemeriksaa...', Array, true)
#4 C:\xampp74\htdocs\desasehat\app\Controllers\Emr\Epemeriksaan.php(113): view('emr/epemeriksaa...', Array)
#5 C:\xampp74\htdocs\desasehat\vendor\codeigniter4\framework\system\CodeIgniter.php(832): App\Controllers\Emr\Epemeriksaan->pperiksa_dokter('3')
#6 C:\xampp74\htdocs\desasehat\vendor\codeigniter4\framework\system\CodeIgniter.php(419): CodeIgniter\CodeIgniter->runController(Object(App\Controllers\Emr\Epemeriksaan))
#7 C:\xampp74\htdocs\desasehat\vendor\codeigniter4\framework\system\CodeIgniter.php(326): CodeIgniter\CodeIgniter->handleRequest(NULL, Object(Config\Cache), false)
#8 C:\xampp74\htdocs\desasehat\public\index.php(37): CodeIgniter\CodeIgniter->run()
#9 C:\xampp74\htdocs\desasehat\vendor\codeigniter4\framework\system\Commands\Server\rewrite.php(43): require_once('C:\\xampp74\\htdo...')
#10 {main}
CRITICAL - 2022-08-29 19:10:27 --> Call to undefined function App\Controllers\Emr\get_isdokter_byid()
#0 C:\xampp74\htdocs\desasehat\vendor\codeigniter4\framework\system\CodeIgniter.php(832): App\Controllers\Emr\Epemeriksaan->pperiksa_dokter('3')
#1 C:\xampp74\htdocs\desasehat\vendor\codeigniter4\framework\system\CodeIgniter.php(419): CodeIgniter\CodeIgniter->runController(Object(App\Controllers\Emr\Epemeriksaan))
#2 C:\xampp74\htdocs\desasehat\vendor\codeigniter4\framework\system\CodeIgniter.php(326): CodeIgniter\CodeIgniter->handleRequest(NULL, Object(Config\Cache), false)
#3 C:\xampp74\htdocs\desasehat\public\index.php(37): CodeIgniter\CodeIgniter->run()
#4 C:\xampp74\htdocs\desasehat\vendor\codeigniter4\framework\system\Commands\Server\rewrite.php(43): require_once('C:\\xampp74\\htdo...')
#5 {main}
CRITICAL - 2022-08-29 19:11:07 --> Trying to access array offset on value of type null
#0 C:\xampp74\htdocs\desasehat\app\Views\emr\epemeriksaan_dokter_view.php(261): CodeIgniter\Debug\Exceptions->errorHandler(8, 'Trying to acces...', 'C:\\xampp74\\htdo...', 261, Array)
#1 C:\xampp74\htdocs\desasehat\vendor\codeigniter4\framework\system\View\View.php(210): include('C:\\xampp74\\htdo...')
#2 C:\xampp74\htdocs\desasehat\vendor\codeigniter4\framework\system\View\View.php(213): CodeIgniter\View\View->CodeIgniter\View\{closure}()
#3 C:\xampp74\htdocs\desasehat\vendor\codeigniter4\framework\system\Common.php(1089): CodeIgniter\View\View->render('emr/epemeriksaa...', Array, true)
#4 C:\xampp74\htdocs\desasehat\app\Controllers\Emr\Epemeriksaan.php(113): view('emr/epemeriksaa...', Array)
#5 C:\xampp74\htdocs\desasehat\vendor\codeigniter4\framework\system\CodeIgniter.php(832): App\Controllers\Emr\Epemeriksaan->pperiksa_dokter('3')
#6 C:\xampp74\htdocs\desasehat\vendor\codeigniter4\framework\system\CodeIgniter.php(419): CodeIgniter\CodeIgniter->runController(Object(App\Controllers\Emr\Epemeriksaan))
#7 C:\xampp74\htdocs\desasehat\vendor\codeigniter4\framework\system\CodeIgniter.php(326): CodeIgniter\CodeIgniter->handleRequest(NULL, Object(Config\Cache), false)
#8 C:\xampp74\htdocs\desasehat\public\index.php(37): CodeIgniter\CodeIgniter->run()
#9 C:\xampp74\htdocs\desasehat\vendor\codeigniter4\framework\system\Commands\Server\rewrite.php(43): require_once('C:\\xampp74\\htdo...')
#10 {main}
CRITICAL - 2022-08-29 19:25:09 --> Cannot use object of type stdClass as array
#0 C:\xampp74\htdocs\desasehat\vendor\codeigniter4\framework\system\View\View.php(210): include()
#1 C:\xampp74\htdocs\desasehat\vendor\codeigniter4\framework\system\View\View.php(213): CodeIgniter\View\View->CodeIgniter\View\{closure}()
#2 C:\xampp74\htdocs\desasehat\vendor\codeigniter4\framework\system\Common.php(1089): CodeIgniter\View\View->render('emr/epemeriksaa...', Array, true)
#3 C:\xampp74\htdocs\desasehat\app\Controllers\Emr\Epemeriksaan.php(113): view('emr/epemeriksaa...', Array)
#4 C:\xampp74\htdocs\desasehat\vendor\codeigniter4\framework\system\CodeIgniter.php(832): App\Controllers\Emr\Epemeriksaan->pperiksa_dokter('3')
#5 C:\xampp74\htdocs\desasehat\vendor\codeigniter4\framework\system\CodeIgniter.php(419): CodeIgniter\CodeIgniter->runController(Object(App\Controllers\Emr\Epemeriksaan))
#6 C:\xampp74\htdocs\desasehat\vendor\codeigniter4\framework\system\CodeIgniter.php(326): CodeIgniter\CodeIgniter->handleRequest(NULL, Object(Config\Cache), false)
#7 C:\xampp74\htdocs\desasehat\public\index.php(37): CodeIgniter\CodeIgniter->run()
#8 C:\xampp74\htdocs\desasehat\vendor\codeigniter4\framework\system\Commands\Server\rewrite.php(43): require_once('C:\\xampp74\\htdo...')
#9 {main}
CRITICAL - 2022-08-29 19:26:13 --> Cannot use object of type stdClass as array
#0 C:\xampp74\htdocs\desasehat\vendor\codeigniter4\framework\system\View\View.php(210): include()
#1 C:\xampp74\htdocs\desasehat\vendor\codeigniter4\framework\system\View\View.php(213): CodeIgniter\View\View->CodeIgniter\View\{closure}()
#2 C:\xampp74\htdocs\desasehat\vendor\codeigniter4\framework\system\Common.php(1089): CodeIgniter\View\View->render('emr/epemeriksaa...', Array, true)
#3 C:\xampp74\htdocs\desasehat\app\Controllers\Emr\Epemeriksaan.php(113): view('emr/epemeriksaa...', Array)
#4 C:\xampp74\htdocs\desasehat\vendor\codeigniter4\framework\system\CodeIgniter.php(832): App\Controllers\Emr\Epemeriksaan->pperiksa_dokter('3')
#5 C:\xampp74\htdocs\desasehat\vendor\codeigniter4\framework\system\CodeIgniter.php(419): CodeIgniter\CodeIgniter->runController(Object(App\Controllers\Emr\Epemeriksaan))
#6 C:\xampp74\htdocs\desasehat\vendor\codeigniter4\framework\system\CodeIgniter.php(326): CodeIgniter\CodeIgniter->handleRequest(NULL, Object(Config\Cache), false)
#7 C:\xampp74\htdocs\desasehat\public\index.php(37): CodeIgniter\CodeIgniter->run()
#8 C:\xampp74\htdocs\desasehat\vendor\codeigniter4\framework\system\Commands\Server\rewrite.php(43): require_once('C:\\xampp74\\htdo...')
#9 {main}
CRITICAL - 2022-08-29 20:29:38 --> You must set the database table to be used with your query.
#0 C:\xampp74\htdocs\desasehat\vendor\codeigniter4\framework\system\Model.php(545): CodeIgniter\Database\BaseConnection->table(NULL)
#1 C:\xampp74\htdocs\desasehat\vendor\codeigniter4\framework\system\Model.php(722): CodeIgniter\Model->builder()
#2 C:\xampp74\htdocs\desasehat\app\Controllers\Master_modul.php(125): CodeIgniter\Model->__call('get_isdokter_by...', Array)
#3 C:\xampp74\htdocs\desasehat\app\Controllers\Emr\Epemeriksaan.php(95): App\Controllers\Master_modul->getprofile_type_byid('1')
#4 C:\xampp74\htdocs\desasehat\vendor\codeigniter4\framework\system\CodeIgniter.php(832): App\Controllers\Emr\Epemeriksaan->pperiksa_dokter('3')
#5 C:\xampp74\htdocs\desasehat\vendor\codeigniter4\framework\system\CodeIgniter.php(419): CodeIgniter\CodeIgniter->runController(Object(App\Controllers\Emr\Epemeriksaan))
#6 C:\xampp74\htdocs\desasehat\vendor\codeigniter4\framework\system\CodeIgniter.php(326): CodeIgniter\CodeIgniter->handleRequest(NULL, Object(Config\Cache), false)
#7 C:\xampp74\htdocs\desasehat\public\index.php(37): CodeIgniter\CodeIgniter->run()
#8 C:\xampp74\htdocs\desasehat\vendor\codeigniter4\framework\system\Commands\Server\rewrite.php(43): require_once('C:\\xampp74\\htdo...')
#9 {main}
CRITICAL - 2022-08-29 20:33:06 --> Cannot use object of type stdClass as array
#0 C:\xampp74\htdocs\desasehat\app\Controllers\Emr\Epemeriksaan.php(94): App\Controllers\Master_modul->getprofile_type_byid('1')
#1 C:\xampp74\htdocs\desasehat\vendor\codeigniter4\framework\system\CodeIgniter.php(832): App\Controllers\Emr\Epemeriksaan->pperiksa_dokter('3')
#2 C:\xampp74\htdocs\desasehat\vendor\codeigniter4\framework\system\CodeIgniter.php(419): CodeIgniter\CodeIgniter->runController(Object(App\Controllers\Emr\Epemeriksaan))
#3 C:\xampp74\htdocs\desasehat\vendor\codeigniter4\framework\system\CodeIgniter.php(326): CodeIgniter\CodeIgniter->handleRequest(NULL, Object(Config\Cache), false)
#4 C:\xampp74\htdocs\desasehat\public\index.php(37): CodeIgniter\CodeIgniter->run()
#5 C:\xampp74\htdocs\desasehat\vendor\codeigniter4\framework\system\Commands\Server\rewrite.php(43): require_once('C:\\xampp74\\htdo...')
#6 {main}
CRITICAL - 2022-08-29 20:33:26 --> Cannot use object of type stdClass as array
#0 C:\xampp74\htdocs\desasehat\app\Controllers\Emr\Epemeriksaan.php(94): App\Controllers\Master_modul->getprofile_type_byid('1')
#1 C:\xampp74\htdocs\desasehat\vendor\codeigniter4\framework\system\CodeIgniter.php(832): App\Controllers\Emr\Epemeriksaan->pperiksa_dokter('3')
#2 C:\xampp74\htdocs\desasehat\vendor\codeigniter4\framework\system\CodeIgniter.php(419): CodeIgniter\CodeIgniter->runController(Object(App\Controllers\Emr\Epemeriksaan))
#3 C:\xampp74\htdocs\desasehat\vendor\codeigniter4\framework\system\CodeIgniter.php(326): CodeIgniter\CodeIgniter->handleRequest(NULL, Object(Config\Cache), false)
#4 C:\xampp74\htdocs\desasehat\public\index.php(37): CodeIgniter\CodeIgniter->run()
#5 C:\xampp74\htdocs\desasehat\vendor\codeigniter4\framework\system\Commands\Server\rewrite.php(43): require_once('C:\\xampp74\\htdo...')
#6 {main}
CRITICAL - 2022-08-29 20:42:17 --> Cannot use object of type stdClass as array
#0 C:\xampp74\htdocs\desasehat\app\Controllers\Emr\Epemeriksaan.php(94): App\Controllers\Master_modul->getprofile_type_byid('1')
#1 C:\xampp74\htdocs\desasehat\vendor\codeigniter4\framework\system\CodeIgniter.php(832): App\Controllers\Emr\Epemeriksaan->pperiksa_dokter('3')
#2 C:\xampp74\htdocs\desasehat\vendor\codeigniter4\framework\system\CodeIgniter.php(419): CodeIgniter\CodeIgniter->runController(Object(App\Controllers\Emr\Epemeriksaan))
#3 C:\xampp74\htdocs\desasehat\vendor\codeigniter4\framework\system\CodeIgniter.php(326): CodeIgniter\CodeIgniter->handleRequest(NULL, Object(Config\Cache), false)
#4 C:\xampp74\htdocs\desasehat\public\index.php(37): CodeIgniter\CodeIgniter->run()
#5 C:\xampp74\htdocs\desasehat\vendor\codeigniter4\framework\system\Commands\Server\rewrite.php(43): require_once('C:\\xampp74\\htdo...')
#6 {main}
CRITICAL - 2022-08-29 20:43:57 --> Call to undefined function App\Controllers\Emr\Master_modul()
#0 C:\xampp74\htdocs\desasehat\vendor\codeigniter4\framework\system\CodeIgniter.php(832): App\Controllers\Emr\Epemeriksaan->pperiksa_dokter('3')
#1 C:\xampp74\htdocs\desasehat\vendor\codeigniter4\framework\system\CodeIgniter.php(419): CodeIgniter\CodeIgniter->runController(Object(App\Controllers\Emr\Epemeriksaan))
#2 C:\xampp74\htdocs\desasehat\vendor\codeigniter4\framework\system\CodeIgniter.php(326): CodeIgniter\CodeIgniter->handleRequest(NULL, Object(Config\Cache), false)
#3 C:\xampp74\htdocs\desasehat\public\index.php(37): CodeIgniter\CodeIgniter->run()
#4 C:\xampp74\htdocs\desasehat\vendor\codeigniter4\framework\system\Commands\Server\rewrite.php(43): require_once('C:\\xampp74\\htdo...')
#5 {main}
