CRITICAL - 2022-04-08 19:11:36 --> Invalid file: layout/template2.php
#0 C:\xampp74\htdocs\physiojogja\vendor\codeigniter4\framework\system\View\View.php(198): CodeIgniter\Exceptions\FrameworkException::forInvalidFile('layout/template...')
#1 C:\xampp74\htdocs\physiojogja\vendor\codeigniter4\framework\system\View\View.php(226): CodeIgniter\View\View->render('layout/template...', Array, true)
#2 C:\xampp74\htdocs\physiojogja\vendor\codeigniter4\framework\system\Common.php(1089): CodeIgniter\View\View->render('pendaftaran_vie...', Array, true)
#3 C:\xampp74\htdocs\physiojogja\app\Controllers\Home.php(16): view('pendaftaran_vie...')
#4 C:\xampp74\htdocs\physiojogja\vendor\codeigniter4\framework\system\CodeIgniter.php(832): App\Controllers\Home->pendaftaran()
#5 C:\xampp74\htdocs\physiojogja\vendor\codeigniter4\framework\system\CodeIgniter.php(419): CodeIgniter\CodeIgniter->runController(Object(App\Controllers\Home))
#6 C:\xampp74\htdocs\physiojogja\vendor\codeigniter4\framework\system\CodeIgniter.php(326): CodeIgniter\CodeIgniter->handleRequest(NULL, Object(Config\Cache), false)
#7 C:\xampp74\htdocs\physiojogja\public\index.php(37): CodeIgniter\CodeIgniter->run()
#8 C:\xampp74\htdocs\physiojogja\vendor\codeigniter4\framework\system\Commands\Server\rewrite.php(43): require_once('C:\\xampp74\\htdo...')
#9 {main}
CRITICAL - 2022-04-08 19:45:42 --> Call to undefined function base_site()
#0 C:\xampp74\htdocs\physiojogja\vendor\codeigniter4\framework\system\View\View.php(210): include()
#1 C:\xampp74\htdocs\physiojogja\vendor\codeigniter4\framework\system\View\View.php(213): CodeIgniter\View\View->CodeIgniter\View\{closure}()
#2 C:\xampp74\htdocs\physiojogja\vendor\codeigniter4\framework\system\View\View.php(226): CodeIgniter\View\View->render('layout/template', Array, true)
#3 C:\xampp74\htdocs\physiojogja\vendor\codeigniter4\framework\system\Common.php(1089): CodeIgniter\View\View->render('pendaftaran_vie...', Array, true)
#4 C:\xampp74\htdocs\physiojogja\app\Controllers\Home.php(16): view('pendaftaran_vie...')
#5 C:\xampp74\htdocs\physiojogja\vendor\codeigniter4\framework\system\CodeIgniter.php(832): App\Controllers\Home->pendaftaran()
#6 C:\xampp74\htdocs\physiojogja\vendor\codeigniter4\framework\system\CodeIgniter.php(419): CodeIgniter\CodeIgniter->runController(Object(App\Controllers\Home))
#7 C:\xampp74\htdocs\physiojogja\vendor\codeigniter4\framework\system\CodeIgniter.php(326): CodeIgniter\CodeIgniter->handleRequest(NULL, Object(Config\Cache), false)
#8 C:\xampp74\htdocs\physiojogja\public\index.php(37): CodeIgniter\CodeIgniter->run()
#9 C:\xampp74\htdocs\physiojogja\vendor\codeigniter4\framework\system\Commands\Server\rewrite.php(43): require_once('C:\\xampp74\\htdo...')
#10 {main}
CRITICAL - 2022-04-08 19:46:03 --> Call to undefined function base_site()
#0 C:\xampp74\htdocs\physiojogja\vendor\codeigniter4\framework\system\View\View.php(210): include()
#1 C:\xampp74\htdocs\physiojogja\vendor\codeigniter4\framework\system\View\View.php(213): CodeIgniter\View\View->CodeIgniter\View\{closure}()
#2 C:\xampp74\htdocs\physiojogja\vendor\codeigniter4\framework\system\View\View.php(226): CodeIgniter\View\View->render('layout/template', Array, true)
#3 C:\xampp74\htdocs\physiojogja\vendor\codeigniter4\framework\system\Common.php(1089): CodeIgniter\View\View->render('pendaftaran_vie...', Array, true)
#4 C:\xampp74\htdocs\physiojogja\app\Controllers\Home.php(16): view('pendaftaran_vie...')
#5 C:\xampp74\htdocs\physiojogja\vendor\codeigniter4\framework\system\CodeIgniter.php(832): App\Controllers\Home->pendaftaran()
#6 C:\xampp74\htdocs\physiojogja\vendor\codeigniter4\framework\system\CodeIgniter.php(419): CodeIgniter\CodeIgniter->runController(Object(App\Controllers\Home))
#7 C:\xampp74\htdocs\physiojogja\vendor\codeigniter4\framework\system\CodeIgniter.php(326): CodeIgniter\CodeIgniter->handleRequest(NULL, Object(Config\Cache), false)
#8 C:\xampp74\htdocs\physiojogja\public\index.php(37): CodeIgniter\CodeIgniter->run()
#9 C:\xampp74\htdocs\physiojogja\vendor\codeigniter4\framework\system\Commands\Server\rewrite.php(43): require_once('C:\\xampp74\\htdo...')
#10 {main}
CRITICAL - 2022-04-08 19:46:06 --> Call to undefined function base_site()
#0 C:\xampp74\htdocs\physiojogja\vendor\codeigniter4\framework\system\View\View.php(210): include()
#1 C:\xampp74\htdocs\physiojogja\vendor\codeigniter4\framework\system\View\View.php(213): CodeIgniter\View\View->CodeIgniter\View\{closure}()
#2 C:\xampp74\htdocs\physiojogja\vendor\codeigniter4\framework\system\View\View.php(226): CodeIgniter\View\View->render('layout/template', Array, true)
#3 C:\xampp74\htdocs\physiojogja\vendor\codeigniter4\framework\system\Common.php(1089): CodeIgniter\View\View->render('pendaftaran_vie...', Array, true)
#4 C:\xampp74\htdocs\physiojogja\app\Controllers\Home.php(16): view('pendaftaran_vie...')
#5 C:\xampp74\htdocs\physiojogja\vendor\codeigniter4\framework\system\CodeIgniter.php(832): App\Controllers\Home->pendaftaran()
#6 C:\xampp74\htdocs\physiojogja\vendor\codeigniter4\framework\system\CodeIgniter.php(419): CodeIgniter\CodeIgniter->runController(Object(App\Controllers\Home))
#7 C:\xampp74\htdocs\physiojogja\vendor\codeigniter4\framework\system\CodeIgniter.php(326): CodeIgniter\CodeIgniter->handleRequest(NULL, Object(Config\Cache), false)
#8 C:\xampp74\htdocs\physiojogja\public\index.php(37): CodeIgniter\CodeIgniter->run()
#9 C:\xampp74\htdocs\physiojogja\vendor\codeigniter4\framework\system\Commands\Server\rewrite.php(43): require_once('C:\\xampp74\\htdo...')
#10 {main}
CRITICAL - 2022-04-08 19:46:11 --> Call to undefined function base_site()
#0 C:\xampp74\htdocs\physiojogja\vendor\codeigniter4\framework\system\View\View.php(210): include()
#1 C:\xampp74\htdocs\physiojogja\vendor\codeigniter4\framework\system\View\View.php(213): CodeIgniter\View\View->CodeIgniter\View\{closure}()
#2 C:\xampp74\htdocs\physiojogja\vendor\codeigniter4\framework\system\View\View.php(226): CodeIgniter\View\View->render('layout/template', Array, true)
#3 C:\xampp74\htdocs\physiojogja\vendor\codeigniter4\framework\system\Common.php(1089): CodeIgniter\View\View->render('pendaftaran_vie...', Array, true)
#4 C:\xampp74\htdocs\physiojogja\app\Controllers\Home.php(16): view('pendaftaran_vie...')
#5 C:\xampp74\htdocs\physiojogja\vendor\codeigniter4\framework\system\CodeIgniter.php(832): App\Controllers\Home->pendaftaran()
#6 C:\xampp74\htdocs\physiojogja\vendor\codeigniter4\framework\system\CodeIgniter.php(419): CodeIgniter\CodeIgniter->runController(Object(App\Controllers\Home))
#7 C:\xampp74\htdocs\physiojogja\vendor\codeigniter4\framework\system\CodeIgniter.php(326): CodeIgniter\CodeIgniter->handleRequest(NULL, Object(Config\Cache), false)
#8 C:\xampp74\htdocs\physiojogja\public\index.php(37): CodeIgniter\CodeIgniter->run()
#9 C:\xampp74\htdocs\physiojogja\vendor\codeigniter4\framework\system\Commands\Server\rewrite.php(43): require_once('C:\\xampp74\\htdo...')
#10 {main}
CRITICAL - 2022-04-08 19:48:41 --> Call to undefined function base_site()
#0 C:\xampp74\htdocs\physiojogja\vendor\codeigniter4\framework\system\View\View.php(210): include()
#1 C:\xampp74\htdocs\physiojogja\vendor\codeigniter4\framework\system\View\View.php(213): CodeIgniter\View\View->CodeIgniter\View\{closure}()
#2 C:\xampp74\htdocs\physiojogja\vendor\codeigniter4\framework\system\View\View.php(226): CodeIgniter\View\View->render('layout/template', Array, true)
#3 C:\xampp74\htdocs\physiojogja\vendor\codeigniter4\framework\system\Common.php(1089): CodeIgniter\View\View->render('pendaftaran_vie...', Array, true)
#4 C:\xampp74\htdocs\physiojogja\app\Controllers\Home.php(16): view('pendaftaran_vie...')
#5 C:\xampp74\htdocs\physiojogja\vendor\codeigniter4\framework\system\CodeIgniter.php(832): App\Controllers\Home->pendaftaran()
#6 C:\xampp74\htdocs\physiojogja\vendor\codeigniter4\framework\system\CodeIgniter.php(419): CodeIgniter\CodeIgniter->runController(Object(App\Controllers\Home))
#7 C:\xampp74\htdocs\physiojogja\vendor\codeigniter4\framework\system\CodeIgniter.php(326): CodeIgniter\CodeIgniter->handleRequest(NULL, Object(Config\Cache), false)
#8 C:\xampp74\htdocs\physiojogja\public\index.php(37): CodeIgniter\CodeIgniter->run()
#9 C:\xampp74\htdocs\physiojogja\vendor\codeigniter4\framework\system\Commands\Server\rewrite.php(43): require_once('C:\\xampp74\\htdo...')
#10 {main}
CRITICAL - 2022-04-08 19:58:53 --> Cannot declare class App\Controllers\Home, because the name is already in use
#0 [internal function]: CodeIgniter\Debug\Exceptions->shutdownHandler()
#1 {main}
