ERROR - 2022-07-27 17:28:59 --> Error connecting to the database: No connection could be made because the target machine actively refused it.

CRITICAL - 2022-07-27 17:28:59 --> Unable to connect to the database.
Main connection [MySQLi]: No connection could be made because the target machine actively refused it.

#0 C:\xampp74\htdocs\physiojogja\vendor\codeigniter4\framework\system\Database\BaseConnection.php(577): CodeIgniter\Database\BaseConnection->initialize()
#1 C:\xampp74\htdocs\physiojogja\vendor\codeigniter4\framework\system\Database\BaseBuilder.php(1455): CodeIgniter\Database\BaseConnection->query('SELECT *\nFROM `...', Array, false)
#2 C:\xampp74\htdocs\physiojogja\vendor\codeigniter4\framework\system\Model.php(210): CodeIgniter\Database\BaseBuilder->get()
#3 C:\xampp74\htdocs\physiojogja\vendor\codeigniter4\framework\system\BaseModel.php(622): CodeIgniter\Model->doFirst()
#4 C:\xampp74\htdocs\physiojogja\vendor\myth\auth\src\Authentication\LocalAuthenticator.php(156): CodeIgniter\BaseModel->first()
#5 C:\xampp74\htdocs\physiojogja\vendor\myth\auth\src\Authentication\LocalAuthenticator.php(20): Myth\Auth\Authentication\LocalAuthenticator->validate(Array, true)
#6 C:\xampp74\htdocs\physiojogja\vendor\myth\auth\src\Controllers\AuthController.php(89): Myth\Auth\Authentication\LocalAuthenticator->attempt(Array, false)
#7 C:\xampp74\htdocs\physiojogja\vendor\codeigniter4\framework\system\CodeIgniter.php(832): Myth\Auth\Controllers\AuthController->attemptLogin()
#8 C:\xampp74\htdocs\physiojogja\vendor\codeigniter4\framework\system\CodeIgniter.php(419): CodeIgniter\CodeIgniter->runController(Object(Myth\Auth\Controllers\AuthController))
#9 C:\xampp74\htdocs\physiojogja\vendor\codeigniter4\framework\system\CodeIgniter.php(326): CodeIgniter\CodeIgniter->handleRequest(NULL, Object(Config\Cache), false)
#10 C:\xampp74\htdocs\physiojogja\public\index.php(37): CodeIgniter\CodeIgniter->run()
#11 C:\xampp74\htdocs\physiojogja\vendor\codeigniter4\framework\system\Commands\Server\rewrite.php(43): require_once('C:\\xampp74\\htdo...')
#12 {main}
ERROR - 2022-07-27 19:08:25 --> Unknown column 'id_paket' in 'field list'
ERROR - 2022-07-27 19:12:48 --> Unknown column 'id_user' in 'field list'
ERROR - 2022-07-27 19:13:47 --> Unknown column 'insertdate' in 'field list'
ERROR - 2022-07-27 19:14:08 --> Unknown column 'insertdate_pendaftaran' in 'field list'
