ERROR - 2022-08-22 06:42:11 --> Error connecting to the database: No connection could be made because the target machine actively refused it.

CRITICAL - 2022-08-22 06:42:11 --> Unable to connect to the database.
Main connection [MySQLi]: No connection could be made because the target machine actively refused it.

#0 C:\xampp74\htdocs\desasehat\vendor\codeigniter4\framework\system\Database\BaseConnection.php(577): CodeIgniter\Database\BaseConnection->initialize()
#1 C:\xampp74\htdocs\desasehat\vendor\codeigniter4\framework\system\Database\BaseBuilder.php(1455): CodeIgniter\Database\BaseConnection->query('SELECT *\nFROM `...', Array, false)
#2 C:\xampp74\htdocs\desasehat\vendor\codeigniter4\framework\system\Model.php(210): CodeIgniter\Database\BaseBuilder->get()
#3 C:\xampp74\htdocs\desasehat\vendor\codeigniter4\framework\system\BaseModel.php(622): CodeIgniter\Model->doFirst()
#4 C:\xampp74\htdocs\desasehat\vendor\myth\auth\src\Authentication\LocalAuthenticator.php(156): CodeIgniter\BaseModel->first()
#5 C:\xampp74\htdocs\desasehat\vendor\myth\auth\src\Authentication\LocalAuthenticator.php(20): Myth\Auth\Authentication\LocalAuthenticator->validate(Array, true)
#6 C:\xampp74\htdocs\desasehat\vendor\myth\auth\src\Controllers\AuthController.php(89): Myth\Auth\Authentication\LocalAuthenticator->attempt(Array, false)
#7 C:\xampp74\htdocs\desasehat\vendor\codeigniter4\framework\system\CodeIgniter.php(832): Myth\Auth\Controllers\AuthController->attemptLogin()
#8 C:\xampp74\htdocs\desasehat\vendor\codeigniter4\framework\system\CodeIgniter.php(419): CodeIgniter\CodeIgniter->runController(Object(Myth\Auth\Controllers\AuthController))
#9 C:\xampp74\htdocs\desasehat\vendor\codeigniter4\framework\system\CodeIgniter.php(326): CodeIgniter\CodeIgniter->handleRequest(NULL, Object(Config\Cache), false)
#10 C:\xampp74\htdocs\desasehat\public\index.php(37): CodeIgniter\CodeIgniter->run()
#11 C:\xampp74\htdocs\desasehat\vendor\codeigniter4\framework\system\Commands\Server\rewrite.php(43): require_once('C:\\xampp74\\htdo...')
#12 {main}
CRITICAL - 2022-08-22 18:20:14 --> Call to undefined function showDropdownKesadaran()
#0 C:\xampp74\htdocs\desasehat\vendor\codeigniter4\framework\system\View\View.php(210): include()
#1 C:\xampp74\htdocs\desasehat\vendor\codeigniter4\framework\system\View\View.php(213): CodeIgniter\View\View->CodeIgniter\View\{closure}()
#2 C:\xampp74\htdocs\desasehat\vendor\codeigniter4\framework\system\Common.php(1089): CodeIgniter\View\View->render('registrasi/pend...', Array, true)
#3 C:\xampp74\htdocs\desasehat\app\Controllers\Registrasi\Rpasien.php(27): view('registrasi/pend...', Array)
#4 C:\xampp74\htdocs\desasehat\vendor\codeigniter4\framework\system\CodeIgniter.php(832): App\Controllers\Registrasi\Rpasien->index()
#5 C:\xampp74\htdocs\desasehat\vendor\codeigniter4\framework\system\CodeIgniter.php(419): CodeIgniter\CodeIgniter->runController(Object(App\Controllers\Registrasi\Rpasien))
#6 C:\xampp74\htdocs\desasehat\vendor\codeigniter4\framework\system\CodeIgniter.php(326): CodeIgniter\CodeIgniter->handleRequest(NULL, Object(Config\Cache), false)
#7 C:\xampp74\htdocs\desasehat\public\index.php(37): CodeIgniter\CodeIgniter->run()
#8 C:\xampp74\htdocs\desasehat\vendor\codeigniter4\framework\system\Commands\Server\rewrite.php(43): require_once('C:\\xampp74\\htdo...')
#9 {main}
