CRITICAL - 2022-04-10 00:45:24 --> Call to undefined function showNavMenuTemplate()
#0 C:\xampp74\htdocs\physiojogja\vendor\codeigniter4\framework\system\View\View.php(210): include()
#1 C:\xampp74\htdocs\physiojogja\vendor\codeigniter4\framework\system\View\View.php(213): CodeIgniter\View\View->CodeIgniter\View\{closure}()
#2 C:\xampp74\htdocs\physiojogja\vendor\codeigniter4\framework\system\View\View.php(226): CodeIgniter\View\View->render('layout/template', Array, true)
#3 C:\xampp74\htdocs\physiojogja\vendor\codeigniter4\framework\system\Common.php(1089): CodeIgniter\View\View->render('dashboard/dtera...', Array, true)
#4 C:\xampp74\htdocs\physiojogja\app\Controllers\Dashboard\Dterapis.php(11): view('dashboard/dtera...')
#5 C:\xampp74\htdocs\physiojogja\vendor\codeigniter4\framework\system\CodeIgniter.php(832): App\Controllers\Dashboard\Dterapis->index()
#6 C:\xampp74\htdocs\physiojogja\vendor\codeigniter4\framework\system\CodeIgniter.php(419): CodeIgniter\CodeIgniter->runController(Object(App\Controllers\Dashboard\Dterapis))
#7 C:\xampp74\htdocs\physiojogja\vendor\codeigniter4\framework\system\CodeIgniter.php(326): CodeIgniter\CodeIgniter->handleRequest(NULL, Object(Config\Cache), false)
#8 C:\xampp74\htdocs\physiojogja\public\index.php(37): CodeIgniter\CodeIgniter->run()
#9 C:\xampp74\htdocs\physiojogja\vendor\codeigniter4\framework\system\Commands\Server\rewrite.php(43): require_once('C:\\xampp74\\htdo...')
#10 {main}
CRITICAL - 2022-04-10 00:48:00 --> Cannot redeclare App\Models\Master_model::getNavMenuTemplate()
#0 [internal function]: CodeIgniter\Debug\Exceptions->shutdownHandler()
#1 {main}
CRITICAL - 2022-04-10 00:52:03 --> You must set the database table to be used with your query.
#0 C:\xampp74\htdocs\physiojogja\vendor\codeigniter4\framework\system\Model.php(545): CodeIgniter\Database\BaseConnection->table(NULL)
#1 C:\xampp74\htdocs\physiojogja\vendor\codeigniter4\framework\system\Model.php(722): CodeIgniter\Model->builder()
#2 C:\xampp74\htdocs\physiojogja\app\Filters\Auth.php(35): CodeIgniter\Model->__call('auth_akses', Array)
#3 C:\xampp74\htdocs\physiojogja\vendor\codeigniter4\framework\system\Filters\Filters.php(173): App\Filters\Auth->before(Object(CodeIgniter\HTTP\IncomingRequest), Array)
#4 C:\xampp74\htdocs\physiojogja\vendor\codeigniter4\framework\system\CodeIgniter.php(393): CodeIgniter\Filters\Filters->run('pendaftaran', 'before')
#5 C:\xampp74\htdocs\physiojogja\vendor\codeigniter4\framework\system\CodeIgniter.php(326): CodeIgniter\CodeIgniter->handleRequest(NULL, Object(Config\Cache), false)
#6 C:\xampp74\htdocs\physiojogja\public\index.php(37): CodeIgniter\CodeIgniter->run()
#7 C:\xampp74\htdocs\physiojogja\vendor\codeigniter4\framework\system\Commands\Server\rewrite.php(43): require_once('C:\\xampp74\\htdo...')
#8 {main}
CRITICAL - 2022-04-10 07:55:18 --> Call to undefined function showDropdownPropinsi()
#0 C:\xampp74\htdocs\physiojogja\vendor\codeigniter4\framework\system\View\View.php(210): include()
#1 C:\xampp74\htdocs\physiojogja\vendor\codeigniter4\framework\system\View\View.php(213): CodeIgniter\View\View->CodeIgniter\View\{closure}()
#2 C:\xampp74\htdocs\physiojogja\vendor\codeigniter4\framework\system\Common.php(1089): CodeIgniter\View\View->render('pendaftaran_vie...', Array, true)
#3 C:\xampp74\htdocs\physiojogja\app\Controllers\Pendaftaran.php(7): view('pendaftaran_vie...')
#4 C:\xampp74\htdocs\physiojogja\vendor\codeigniter4\framework\system\CodeIgniter.php(832): App\Controllers\Pendaftaran->index()
#5 C:\xampp74\htdocs\physiojogja\vendor\codeigniter4\framework\system\CodeIgniter.php(419): CodeIgniter\CodeIgniter->runController(Object(App\Controllers\Pendaftaran))
#6 C:\xampp74\htdocs\physiojogja\vendor\codeigniter4\framework\system\CodeIgniter.php(326): CodeIgniter\CodeIgniter->handleRequest(NULL, Object(Config\Cache), false)
#7 C:\xampp74\htdocs\physiojogja\public\index.php(37): CodeIgniter\CodeIgniter->run()
#8 C:\xampp74\htdocs\physiojogja\vendor\codeigniter4\framework\system\Commands\Server\rewrite.php(43): require_once('C:\\xampp74\\htdo...')
#9 {main}
CRITICAL - 2022-04-10 07:56:15 --> Call to undefined function showDropdownPekerjaan()
#0 C:\xampp74\htdocs\physiojogja\vendor\codeigniter4\framework\system\View\View.php(210): include()
#1 C:\xampp74\htdocs\physiojogja\vendor\codeigniter4\framework\system\View\View.php(213): CodeIgniter\View\View->CodeIgniter\View\{closure}()
#2 C:\xampp74\htdocs\physiojogja\vendor\codeigniter4\framework\system\Common.php(1089): CodeIgniter\View\View->render('pendaftaran_vie...', Array, true)
#3 C:\xampp74\htdocs\physiojogja\app\Controllers\Pendaftaran.php(7): view('pendaftaran_vie...')
#4 C:\xampp74\htdocs\physiojogja\vendor\codeigniter4\framework\system\CodeIgniter.php(832): App\Controllers\Pendaftaran->index()
#5 C:\xampp74\htdocs\physiojogja\vendor\codeigniter4\framework\system\CodeIgniter.php(419): CodeIgniter\CodeIgniter->runController(Object(App\Controllers\Pendaftaran))
#6 C:\xampp74\htdocs\physiojogja\vendor\codeigniter4\framework\system\CodeIgniter.php(326): CodeIgniter\CodeIgniter->handleRequest(NULL, Object(Config\Cache), false)
#7 C:\xampp74\htdocs\physiojogja\public\index.php(37): CodeIgniter\CodeIgniter->run()
#8 C:\xampp74\htdocs\physiojogja\vendor\codeigniter4\framework\system\Commands\Server\rewrite.php(43): require_once('C:\\xampp74\\htdo...')
#9 {main}
CRITICAL - 2022-04-10 07:56:33 --> Class 'Registrasi_pasien_model' not found
#0 C:\xampp74\htdocs\physiojogja\app\Views\pendaftaran_view.php(153): showDropdownPekerjaan('id="inpPekerjaa...')
#1 C:\xampp74\htdocs\physiojogja\vendor\codeigniter4\framework\system\View\View.php(210): include('C:\\xampp74\\htdo...')
#2 C:\xampp74\htdocs\physiojogja\vendor\codeigniter4\framework\system\View\View.php(213): CodeIgniter\View\View->CodeIgniter\View\{closure}()
#3 C:\xampp74\htdocs\physiojogja\vendor\codeigniter4\framework\system\Common.php(1089): CodeIgniter\View\View->render('pendaftaran_vie...', Array, true)
#4 C:\xampp74\htdocs\physiojogja\app\Controllers\Pendaftaran.php(7): view('pendaftaran_vie...')
#5 C:\xampp74\htdocs\physiojogja\vendor\codeigniter4\framework\system\CodeIgniter.php(832): App\Controllers\Pendaftaran->index()
#6 C:\xampp74\htdocs\physiojogja\vendor\codeigniter4\framework\system\CodeIgniter.php(419): CodeIgniter\CodeIgniter->runController(Object(App\Controllers\Pendaftaran))
#7 C:\xampp74\htdocs\physiojogja\vendor\codeigniter4\framework\system\CodeIgniter.php(326): CodeIgniter\CodeIgniter->handleRequest(NULL, Object(Config\Cache), false)
#8 C:\xampp74\htdocs\physiojogja\public\index.php(37): CodeIgniter\CodeIgniter->run()
#9 C:\xampp74\htdocs\physiojogja\vendor\codeigniter4\framework\system\Commands\Server\rewrite.php(43): require_once('C:\\xampp74\\htdo...')
#10 {main}
ERROR - 2022-04-10 07:57:40 --> Table 'db_physiojogja.pekerjaan' doesn't exist
CRITICAL - 2022-04-10 07:57:40 --> Table 'db_physiojogja.pekerjaan' doesn't exist
#0 C:\xampp74\htdocs\physiojogja\vendor\codeigniter4\framework\system\Database\MySQLi\Connection.php(292): mysqli->query('select id_peker...', 0)
#1 C:\xampp74\htdocs\physiojogja\vendor\codeigniter4\framework\system\Database\BaseConnection.php(670): CodeIgniter\Database\MySQLi\Connection->execute('select id_peker...')
#2 C:\xampp74\htdocs\physiojogja\vendor\codeigniter4\framework\system\Database\BaseConnection.php(598): CodeIgniter\Database\BaseConnection->simpleQuery('select id_peker...')
#3 C:\xampp74\htdocs\physiojogja\app\Models\Master_model.php(39): CodeIgniter\Database\BaseConnection->query('select id_peker...')
#4 C:\xampp74\htdocs\physiojogja\app\Helpers\master_helper.php(73): App\Models\Master_model->getAllPekerjaan()
#5 C:\xampp74\htdocs\physiojogja\app\Views\pendaftaran_view.php(153): showDropdownPekerjaan('id="inpPekerjaa...')
#6 C:\xampp74\htdocs\physiojogja\vendor\codeigniter4\framework\system\View\View.php(210): include('C:\\xampp74\\htdo...')
#7 C:\xampp74\htdocs\physiojogja\vendor\codeigniter4\framework\system\View\View.php(213): CodeIgniter\View\View->CodeIgniter\View\{closure}()
#8 C:\xampp74\htdocs\physiojogja\vendor\codeigniter4\framework\system\Common.php(1089): CodeIgniter\View\View->render('pendaftaran_vie...', Array, true)
#9 C:\xampp74\htdocs\physiojogja\app\Controllers\Pendaftaran.php(7): view('pendaftaran_vie...')
#10 C:\xampp74\htdocs\physiojogja\vendor\codeigniter4\framework\system\CodeIgniter.php(832): App\Controllers\Pendaftaran->index()
#11 C:\xampp74\htdocs\physiojogja\vendor\codeigniter4\framework\system\CodeIgniter.php(419): CodeIgniter\CodeIgniter->runController(Object(App\Controllers\Pendaftaran))
#12 C:\xampp74\htdocs\physiojogja\vendor\codeigniter4\framework\system\CodeIgniter.php(326): CodeIgniter\CodeIgniter->handleRequest(NULL, Object(Config\Cache), false)
#13 C:\xampp74\htdocs\physiojogja\public\index.php(37): CodeIgniter\CodeIgniter->run()
#14 C:\xampp74\htdocs\physiojogja\vendor\codeigniter4\framework\system\Commands\Server\rewrite.php(43): require_once('C:\\xampp74\\htdo...')
#15 {main}
