ERROR - 2022-07-28 18:22:09 --> You have an error in your SQL syntax; check the manual that corresponds to your MariaDB server version for the right syntax to use near 'AND menu_parent IS NULL
	    AND m.isaktif = 1
        AND mp.isaktif = 1
...' at line 11
CRITICAL - 2022-07-28 18:22:09 --> You have an error in your SQL syntax; check the manual that corresponds to your MariaDB server version for the right syntax to use near 'AND menu_parent IS NULL
	    AND m.isaktif = 1
        AND mp.isaktif = 1
...' at line 11
#0 C:\xampp74\htdocs\physiojogja\vendor\codeigniter4\framework\system\Database\MySQLi\Connection.php(292): mysqli->query('SELECT m.*\r\n   ...', 0)
#1 C:\xampp74\htdocs\physiojogja\vendor\codeigniter4\framework\system\Database\BaseConnection.php(670): CodeIgniter\Database\MySQLi\Connection->execute('SELECT m.*\r\n   ...')
#2 C:\xampp74\htdocs\physiojogja\vendor\codeigniter4\framework\system\Database\BaseConnection.php(598): CodeIgniter\Database\BaseConnection->simpleQuery('SELECT m.*\r\n   ...')
#3 C:\xampp74\htdocs\physiojogja\app\Models\Master_model.php(30): CodeIgniter\Database\BaseConnection->query('SELECT m.*\r\n   ...')
#4 C:\xampp74\htdocs\physiojogja\app\Helpers\master_helper.php(9): App\Models\Master_model->getNavMenuTemplate()
#5 C:\xampp74\htdocs\physiojogja\app\Views\layout\template.php(199): showNavMenuTemplate()
#6 C:\xampp74\htdocs\physiojogja\vendor\codeigniter4\framework\system\View\View.php(210): include('C:\\xampp74\\htdo...')
#7 C:\xampp74\htdocs\physiojogja\vendor\codeigniter4\framework\system\View\View.php(213): CodeIgniter\View\View->CodeIgniter\View\{closure}()
#8 C:\xampp74\htdocs\physiojogja\vendor\codeigniter4\framework\system\View\View.php(226): CodeIgniter\View\View->render('layout/template', Array, true)
#9 C:\xampp74\htdocs\physiojogja\vendor\codeigniter4\framework\system\Common.php(1089): CodeIgniter\View\View->render('dashboard/dlain...', Array, true)
#10 C:\xampp74\htdocs\physiojogja\app\Controllers\Dashboard\Dlain.php(11): view('dashboard/dlain...')
#11 C:\xampp74\htdocs\physiojogja\vendor\codeigniter4\framework\system\CodeIgniter.php(832): App\Controllers\Dashboard\Dlain->index()
#12 C:\xampp74\htdocs\physiojogja\vendor\codeigniter4\framework\system\CodeIgniter.php(419): CodeIgniter\CodeIgniter->runController(Object(App\Controllers\Dashboard\Dlain))
#13 C:\xampp74\htdocs\physiojogja\vendor\codeigniter4\framework\system\CodeIgniter.php(326): CodeIgniter\CodeIgniter->handleRequest(NULL, Object(Config\Cache), false)
#14 C:\xampp74\htdocs\physiojogja\public\index.php(37): CodeIgniter\CodeIgniter->run()
#15 C:\xampp74\htdocs\physiojogja\vendor\codeigniter4\framework\system\Commands\Server\rewrite.php(43): require_once('C:\\xampp74\\htdo...')
#16 {main}
ERROR - 2022-07-28 18:22:48 --> You have an error in your SQL syntax; check the manual that corresponds to your MariaDB server version for the right syntax to use near 'AND menu_parent IS NULL
	    AND m.isaktif = 1
        AND mp.isaktif = 1
...' at line 11
CRITICAL - 2022-07-28 18:22:48 --> You have an error in your SQL syntax; check the manual that corresponds to your MariaDB server version for the right syntax to use near 'AND menu_parent IS NULL
	    AND m.isaktif = 1
        AND mp.isaktif = 1
...' at line 11
#0 C:\xampp74\htdocs\physiojogja\vendor\codeigniter4\framework\system\Database\MySQLi\Connection.php(292): mysqli->query('SELECT m.*\r\n   ...', 0)
#1 C:\xampp74\htdocs\physiojogja\vendor\codeigniter4\framework\system\Database\BaseConnection.php(670): CodeIgniter\Database\MySQLi\Connection->execute('SELECT m.*\r\n   ...')
#2 C:\xampp74\htdocs\physiojogja\vendor\codeigniter4\framework\system\Database\BaseConnection.php(598): CodeIgniter\Database\BaseConnection->simpleQuery('SELECT m.*\r\n   ...')
#3 C:\xampp74\htdocs\physiojogja\app\Models\Master_model.php(30): CodeIgniter\Database\BaseConnection->query('SELECT m.*\r\n   ...')
#4 C:\xampp74\htdocs\physiojogja\app\Helpers\master_helper.php(9): App\Models\Master_model->getNavMenuTemplate()
#5 C:\xampp74\htdocs\physiojogja\app\Views\layout\template.php(199): showNavMenuTemplate()
#6 C:\xampp74\htdocs\physiojogja\vendor\codeigniter4\framework\system\View\View.php(210): include('C:\\xampp74\\htdo...')
#7 C:\xampp74\htdocs\physiojogja\vendor\codeigniter4\framework\system\View\View.php(213): CodeIgniter\View\View->CodeIgniter\View\{closure}()
#8 C:\xampp74\htdocs\physiojogja\vendor\codeigniter4\framework\system\View\View.php(226): CodeIgniter\View\View->render('layout/template', Array, true)
#9 C:\xampp74\htdocs\physiojogja\vendor\codeigniter4\framework\system\Common.php(1089): CodeIgniter\View\View->render('dashboard/dlain...', Array, true)
#10 C:\xampp74\htdocs\physiojogja\app\Controllers\Dashboard\Dlain.php(11): view('dashboard/dlain...')
#11 C:\xampp74\htdocs\physiojogja\vendor\codeigniter4\framework\system\CodeIgniter.php(832): App\Controllers\Dashboard\Dlain->index()
#12 C:\xampp74\htdocs\physiojogja\vendor\codeigniter4\framework\system\CodeIgniter.php(419): CodeIgniter\CodeIgniter->runController(Object(App\Controllers\Dashboard\Dlain))
#13 C:\xampp74\htdocs\physiojogja\vendor\codeigniter4\framework\system\CodeIgniter.php(326): CodeIgniter\CodeIgniter->handleRequest(NULL, Object(Config\Cache), false)
#14 C:\xampp74\htdocs\physiojogja\public\index.php(37): CodeIgniter\CodeIgniter->run()
#15 C:\xampp74\htdocs\physiojogja\vendor\codeigniter4\framework\system\Commands\Server\rewrite.php(43): require_once('C:\\xampp74\\htdo...')
#16 {main}
