CRITICAL - 2022-08-26 03:35:02 --> Undefined variable: data
#0 C:\xampp74\htdocs\desasehat\app\Views\emr\eperiksa_dokter_view.php(114): CodeIgniter\Debug\Exceptions->errorHandler(8, 'Undefined varia...', 'C:\\xampp74\\htdo...', 114, Array)
#1 C:\xampp74\htdocs\desasehat\vendor\codeigniter4\framework\system\View\View.php(210): include('C:\\xampp74\\htdo...')
#2 C:\xampp74\htdocs\desasehat\vendor\codeigniter4\framework\system\View\View.php(213): CodeIgniter\View\View->CodeIgniter\View\{closure}()
#3 C:\xampp74\htdocs\desasehat\vendor\codeigniter4\framework\system\Common.php(1089): CodeIgniter\View\View->render('emr/eperiksa_do...', Array, true)
#4 C:\xampp74\htdocs\desasehat\app\Controllers\Emr\Epemeriksaan.php(95): view('emr/eperiksa_do...', Array)
#5 C:\xampp74\htdocs\desasehat\vendor\codeigniter4\framework\system\CodeIgniter.php(832): App\Controllers\Emr\Epemeriksaan->pperiksa_dokter('3')
#6 C:\xampp74\htdocs\desasehat\vendor\codeigniter4\framework\system\CodeIgniter.php(419): CodeIgniter\CodeIgniter->runController(Object(App\Controllers\Emr\Epemeriksaan))
#7 C:\xampp74\htdocs\desasehat\vendor\codeigniter4\framework\system\CodeIgniter.php(326): CodeIgniter\CodeIgniter->handleRequest(NULL, Object(Config\Cache), false)
#8 C:\xampp74\htdocs\desasehat\public\index.php(37): CodeIgniter\CodeIgniter->run()
#9 C:\xampp74\htdocs\desasehat\vendor\codeigniter4\framework\system\Commands\Server\rewrite.php(43): require_once('C:\\xampp74\\htdo...')
#10 {main}
CRITICAL - 2022-08-26 03:40:54 --> Invalid file: layout/template2.php
#0 C:\xampp74\htdocs\desasehat\vendor\codeigniter4\framework\system\View\View.php(198): CodeIgniter\Exceptions\FrameworkException::forInvalidFile('layout/template...')
#1 C:\xampp74\htdocs\desasehat\vendor\codeigniter4\framework\system\View\View.php(226): CodeIgniter\View\View->render('layout/template...', Array, true)
#2 C:\xampp74\htdocs\desasehat\vendor\codeigniter4\framework\system\Common.php(1089): CodeIgniter\View\View->render('emr/eperiksa_do...', Array, true)
#3 C:\xampp74\htdocs\desasehat\app\Controllers\Emr\Epemeriksaan.php(95): view('emr/eperiksa_do...', Array)
#4 C:\xampp74\htdocs\desasehat\vendor\codeigniter4\framework\system\CodeIgniter.php(832): App\Controllers\Emr\Epemeriksaan->pperiksa_dokter('3')
#5 C:\xampp74\htdocs\desasehat\vendor\codeigniter4\framework\system\CodeIgniter.php(419): CodeIgniter\CodeIgniter->runController(Object(App\Controllers\Emr\Epemeriksaan))
#6 C:\xampp74\htdocs\desasehat\vendor\codeigniter4\framework\system\CodeIgniter.php(326): CodeIgniter\CodeIgniter->handleRequest(NULL, Object(Config\Cache), false)
#7 C:\xampp74\htdocs\desasehat\public\index.php(37): CodeIgniter\CodeIgniter->run()
#8 C:\xampp74\htdocs\desasehat\vendor\codeigniter4\framework\system\Commands\Server\rewrite.php(43): require_once('C:\\xampp74\\htdo...')
#9 {main}
CRITICAL - 2022-08-26 04:57:13 --> Object of class stdClass could not be converted to string
#0 C:\xampp74\htdocs\desasehat\vendor\codeigniter4\framework\system\View\View.php(210): include()
#1 C:\xampp74\htdocs\desasehat\vendor\codeigniter4\framework\system\View\View.php(213): CodeIgniter\View\View->CodeIgniter\View\{closure}()
#2 C:\xampp74\htdocs\desasehat\vendor\codeigniter4\framework\system\Common.php(1089): CodeIgniter\View\View->render('emr/epemeriksaa...', Array, true)
#3 C:\xampp74\htdocs\desasehat\app\Controllers\Emr\Epemeriksaan.php(115): view('emr/epemeriksaa...', Array)
#4 C:\xampp74\htdocs\desasehat\vendor\codeigniter4\framework\system\CodeIgniter.php(832): App\Controllers\Emr\Epemeriksaan->pperiksa_dokter('3')
#5 C:\xampp74\htdocs\desasehat\vendor\codeigniter4\framework\system\CodeIgniter.php(419): CodeIgniter\CodeIgniter->runController(Object(App\Controllers\Emr\Epemeriksaan))
#6 C:\xampp74\htdocs\desasehat\vendor\codeigniter4\framework\system\CodeIgniter.php(326): CodeIgniter\CodeIgniter->handleRequest(NULL, Object(Config\Cache), false)
#7 C:\xampp74\htdocs\desasehat\public\index.php(37): CodeIgniter\CodeIgniter->run()
#8 C:\xampp74\htdocs\desasehat\vendor\codeigniter4\framework\system\Commands\Server\rewrite.php(43): require_once('C:\\xampp74\\htdo...')
#9 {main}
CRITICAL - 2022-08-26 04:57:38 --> Object of class stdClass could not be converted to string
#0 C:\xampp74\htdocs\desasehat\vendor\codeigniter4\framework\system\View\View.php(210): include()
#1 C:\xampp74\htdocs\desasehat\vendor\codeigniter4\framework\system\View\View.php(213): CodeIgniter\View\View->CodeIgniter\View\{closure}()
#2 C:\xampp74\htdocs\desasehat\vendor\codeigniter4\framework\system\Common.php(1089): CodeIgniter\View\View->render('emr/epemeriksaa...', Array, true)
#3 C:\xampp74\htdocs\desasehat\app\Controllers\Emr\Epemeriksaan.php(115): view('emr/epemeriksaa...', Array)
#4 C:\xampp74\htdocs\desasehat\vendor\codeigniter4\framework\system\CodeIgniter.php(832): App\Controllers\Emr\Epemeriksaan->pperiksa_dokter('3')
#5 C:\xampp74\htdocs\desasehat\vendor\codeigniter4\framework\system\CodeIgniter.php(419): CodeIgniter\CodeIgniter->runController(Object(App\Controllers\Emr\Epemeriksaan))
#6 C:\xampp74\htdocs\desasehat\vendor\codeigniter4\framework\system\CodeIgniter.php(326): CodeIgniter\CodeIgniter->handleRequest(NULL, Object(Config\Cache), false)
#7 C:\xampp74\htdocs\desasehat\public\index.php(37): CodeIgniter\CodeIgniter->run()
#8 C:\xampp74\htdocs\desasehat\vendor\codeigniter4\framework\system\Commands\Server\rewrite.php(43): require_once('C:\\xampp74\\htdo...')
#9 {main}
CRITICAL - 2022-08-26 04:58:04 --> Undefined property: stdClass::$nama_profile
#0 C:\xampp74\htdocs\desasehat\app\Views\emr\epemeriksaan_dokter_view.php(85): CodeIgniter\Debug\Exceptions->errorHandler(8, 'Undefined prope...', 'C:\\xampp74\\htdo...', 85, Array)
#1 C:\xampp74\htdocs\desasehat\vendor\codeigniter4\framework\system\View\View.php(210): include('C:\\xampp74\\htdo...')
#2 C:\xampp74\htdocs\desasehat\vendor\codeigniter4\framework\system\View\View.php(213): CodeIgniter\View\View->CodeIgniter\View\{closure}()
#3 C:\xampp74\htdocs\desasehat\vendor\codeigniter4\framework\system\Common.php(1089): CodeIgniter\View\View->render('emr/epemeriksaa...', Array, true)
#4 C:\xampp74\htdocs\desasehat\app\Controllers\Emr\Epemeriksaan.php(115): view('emr/epemeriksaa...', Array)
#5 C:\xampp74\htdocs\desasehat\vendor\codeigniter4\framework\system\CodeIgniter.php(832): App\Controllers\Emr\Epemeriksaan->pperiksa_dokter('3')
#6 C:\xampp74\htdocs\desasehat\vendor\codeigniter4\framework\system\CodeIgniter.php(419): CodeIgniter\CodeIgniter->runController(Object(App\Controllers\Emr\Epemeriksaan))
#7 C:\xampp74\htdocs\desasehat\vendor\codeigniter4\framework\system\CodeIgniter.php(326): CodeIgniter\CodeIgniter->handleRequest(NULL, Object(Config\Cache), false)
#8 C:\xampp74\htdocs\desasehat\public\index.php(37): CodeIgniter\CodeIgniter->run()
#9 C:\xampp74\htdocs\desasehat\vendor\codeigniter4\framework\system\Commands\Server\rewrite.php(43): require_once('C:\\xampp74\\htdo...')
#10 {main}
CRITICAL - 2022-08-26 04:58:23 --> Cannot use object of type stdClass as array
#0 C:\xampp74\htdocs\desasehat\vendor\codeigniter4\framework\system\View\View.php(210): include()
#1 C:\xampp74\htdocs\desasehat\vendor\codeigniter4\framework\system\View\View.php(213): CodeIgniter\View\View->CodeIgniter\View\{closure}()
#2 C:\xampp74\htdocs\desasehat\vendor\codeigniter4\framework\system\Common.php(1089): CodeIgniter\View\View->render('emr/epemeriksaa...', Array, true)
#3 C:\xampp74\htdocs\desasehat\app\Controllers\Emr\Epemeriksaan.php(115): view('emr/epemeriksaa...', Array)
#4 C:\xampp74\htdocs\desasehat\vendor\codeigniter4\framework\system\CodeIgniter.php(832): App\Controllers\Emr\Epemeriksaan->pperiksa_dokter('3')
#5 C:\xampp74\htdocs\desasehat\vendor\codeigniter4\framework\system\CodeIgniter.php(419): CodeIgniter\CodeIgniter->runController(Object(App\Controllers\Emr\Epemeriksaan))
#6 C:\xampp74\htdocs\desasehat\vendor\codeigniter4\framework\system\CodeIgniter.php(326): CodeIgniter\CodeIgniter->handleRequest(NULL, Object(Config\Cache), false)
#7 C:\xampp74\htdocs\desasehat\public\index.php(37): CodeIgniter\CodeIgniter->run()
#8 C:\xampp74\htdocs\desasehat\vendor\codeigniter4\framework\system\Commands\Server\rewrite.php(43): require_once('C:\\xampp74\\htdo...')
#9 {main}
CRITICAL - 2022-08-26 04:58:48 --> Cannot use object of type stdClass as array
#0 C:\xampp74\htdocs\desasehat\vendor\codeigniter4\framework\system\CodeIgniter.php(832): App\Controllers\Emr\Epemeriksaan->pperiksa_dokter('3')
#1 C:\xampp74\htdocs\desasehat\vendor\codeigniter4\framework\system\CodeIgniter.php(419): CodeIgniter\CodeIgniter->runController(Object(App\Controllers\Emr\Epemeriksaan))
#2 C:\xampp74\htdocs\desasehat\vendor\codeigniter4\framework\system\CodeIgniter.php(326): CodeIgniter\CodeIgniter->handleRequest(NULL, Object(Config\Cache), false)
#3 C:\xampp74\htdocs\desasehat\public\index.php(37): CodeIgniter\CodeIgniter->run()
#4 C:\xampp74\htdocs\desasehat\vendor\codeigniter4\framework\system\Commands\Server\rewrite.php(43): require_once('C:\\xampp74\\htdo...')
#5 {main}
CRITICAL - 2022-08-26 04:59:15 --> Undefined property: stdClass::$nama_profile
#0 C:\xampp74\htdocs\desasehat\app\Views\emr\epemeriksaan_dokter_view.php(85): CodeIgniter\Debug\Exceptions->errorHandler(8, 'Undefined prope...', 'C:\\xampp74\\htdo...', 85, Array)
#1 C:\xampp74\htdocs\desasehat\vendor\codeigniter4\framework\system\View\View.php(210): include('C:\\xampp74\\htdo...')
#2 C:\xampp74\htdocs\desasehat\vendor\codeigniter4\framework\system\View\View.php(213): CodeIgniter\View\View->CodeIgniter\View\{closure}()
#3 C:\xampp74\htdocs\desasehat\vendor\codeigniter4\framework\system\Common.php(1089): CodeIgniter\View\View->render('emr/epemeriksaa...', Array, true)
#4 C:\xampp74\htdocs\desasehat\app\Controllers\Emr\Epemeriksaan.php(115): view('emr/epemeriksaa...', Array)
#5 C:\xampp74\htdocs\desasehat\vendor\codeigniter4\framework\system\CodeIgniter.php(832): App\Controllers\Emr\Epemeriksaan->pperiksa_dokter('3')
#6 C:\xampp74\htdocs\desasehat\vendor\codeigniter4\framework\system\CodeIgniter.php(419): CodeIgniter\CodeIgniter->runController(Object(App\Controllers\Emr\Epemeriksaan))
#7 C:\xampp74\htdocs\desasehat\vendor\codeigniter4\framework\system\CodeIgniter.php(326): CodeIgniter\CodeIgniter->handleRequest(NULL, Object(Config\Cache), false)
#8 C:\xampp74\htdocs\desasehat\public\index.php(37): CodeIgniter\CodeIgniter->run()
#9 C:\xampp74\htdocs\desasehat\vendor\codeigniter4\framework\system\Commands\Server\rewrite.php(43): require_once('C:\\xampp74\\htdo...')
#10 {main}
CRITICAL - 2022-08-26 05:00:32 --> Undefined property: stdClass::$nama_profile
#0 C:\xampp74\htdocs\desasehat\app\Views\emr\epemeriksaan_dokter_view.php(85): CodeIgniter\Debug\Exceptions->errorHandler(8, 'Undefined prope...', 'C:\\xampp74\\htdo...', 85, Array)
#1 C:\xampp74\htdocs\desasehat\vendor\codeigniter4\framework\system\View\View.php(210): include('C:\\xampp74\\htdo...')
#2 C:\xampp74\htdocs\desasehat\vendor\codeigniter4\framework\system\View\View.php(213): CodeIgniter\View\View->CodeIgniter\View\{closure}()
#3 C:\xampp74\htdocs\desasehat\vendor\codeigniter4\framework\system\Common.php(1089): CodeIgniter\View\View->render('emr/epemeriksaa...', Array, true)
#4 C:\xampp74\htdocs\desasehat\app\Controllers\Emr\Epemeriksaan.php(115): view('emr/epemeriksaa...', Array)
#5 C:\xampp74\htdocs\desasehat\vendor\codeigniter4\framework\system\CodeIgniter.php(832): App\Controllers\Emr\Epemeriksaan->pperiksa_dokter('3')
#6 C:\xampp74\htdocs\desasehat\vendor\codeigniter4\framework\system\CodeIgniter.php(419): CodeIgniter\CodeIgniter->runController(Object(App\Controllers\Emr\Epemeriksaan))
#7 C:\xampp74\htdocs\desasehat\vendor\codeigniter4\framework\system\CodeIgniter.php(326): CodeIgniter\CodeIgniter->handleRequest(NULL, Object(Config\Cache), false)
#8 C:\xampp74\htdocs\desasehat\public\index.php(37): CodeIgniter\CodeIgniter->run()
#9 C:\xampp74\htdocs\desasehat\vendor\codeigniter4\framework\system\Commands\Server\rewrite.php(43): require_once('C:\\xampp74\\htdo...')
#10 {main}
